<?xml version="1.0" encoding="UTF-8"?>
<!-- Generated by org.testng.reporters.JUnitReportReporter -->
<testsuite hostname="DESKTOP-5ITFPN5" failures="0" tests="1" name="com.itlearn360.testcases.TC001_LoginTest" time="11.224" errors="0" timestamp="2024-07-25T18:47:19 IST" skipped="0">
  <testcase classname="com.itlearn360.testcases.TC001_LoginTest" name="verifyLogin" time="11.224"/>
</testsuite> <!-- com.itlearn360.testcases.TC001_LoginTest -->
