<?xml version="1.0" encoding="UTF-8"?>
<!-- Generated by org.testng.reporters.JUnitReportReporter -->
<testsuite hostname="DESKTOP-5ITFPN5" failures="0" tests="1" name="com.itlearn360.testcases.TC002_LoginTest_Using_DataDriven_ExcelReader" time="7.474" errors="0" timestamp="2024-07-21T11:47:26 IST" skipped="0">
  <testcase classname="com.itlearn360.testcases.TC002_LoginTest_Using_DataDriven_ExcelReader" name="loginTest_DataDriver_ExcelReader" time="7.474"/>
</testsuite> <!-- com.itlearn360.testcases.TC002_LoginTest_Using_DataDriven_ExcelReader -->
