<?xml version="1.0" encoding="UTF-8"?>
<!-- Generated by org.testng.reporters.JUnitReportReporter -->
<testsuite hostname="DESKTOP-5ITFPN5" failures="0" tests="1" name="com.itlearn360.testcases.TestCase_Demo" time="0.016" errors="0" timestamp="2024-07-20T12:27:48 IST" skipped="0">
  <testcase classname="com.itlearn360.testcases.TestCase_Demo" name="testCheck" time="0.016"/>
</testsuite> <!-- com.itlearn360.testcases.TestCase_Demo -->
