<?xml version="1.0" encoding="UTF-8"?>
<!-- Generated by org.testng.reporters.JUnitReportReporter -->
<testsuite hostname="DESKTOP-5ITFPN5" failures="0" tests="1" name="com.itlearn360.testcases.TC004_DashBoardTestcase" time="31.358" errors="0" timestamp="2024-07-25T18:43:29 IST" skipped="0">
  <testcase classname="com.itlearn360.testcases.TC004_DashBoardTestcase" name="DashBoardTest" time="31.358"/>
</testsuite> <!-- com.itlearn360.testcases.TC004_DashBoardTestcase -->
