<?xml version="1.0" encoding="UTF-8"?>
<!-- Generated by org.testng.reporters.JUnitReportReporter -->
<testsuite hostname="DESKTOP-5ITFPN5" failures="0" tests="1" name="com.itlearn360.testcases.TC003_SearchTestCase" time="38.965" errors="0" timestamp="2024-07-21T11:54:38 IST" skipped="0">
  <testcase classname="com.itlearn360.testcases.TC003_SearchTestCase" name="searchCourseTest" time="38.965"/>
</testsuite> <!-- com.itlearn360.testcases.TC003_SearchTestCase -->
