<?xml version="1.0" encoding="UTF-8"?>
<!-- Generated by org.testng.reporters.JUnitReportReporter -->
<testsuite hostname="DESKTOP-5ITFPN5" failures="0" tests="1" name="com.itlearn360.testcases.TestCase2_LoginTest" time="5.679" errors="0" timestamp="2024-07-20T12:27:48 IST" skipped="0">
  <testcase classname="com.itlearn360.testcases.TestCase2_LoginTest" name="verifyLogin" time="5.679"/>
</testsuite> <!-- com.itlearn360.testcases.TestCase2_LoginTest -->
