<?xml version="1.0" encoding="UTF-8"?>
<!-- Generated by org.testng.reporters.JUnitReportReporter -->
<testsuite hostname="DESKTOP-5ITFPN5" failures="0" tests="1" name="com.itlearn360.testcases.TC005_PaymentTestCase" time="20.441" errors="0" timestamp="2024-07-26T14:41:31 IST" skipped="0">
  <testcase classname="com.itlearn360.testcases.TC005_PaymentTestCase" name="paymnetTest" time="20.441"/>
</testsuite> <!-- com.itlearn360.testcases.TC005_PaymentTestCase -->
